s {
size: 9
       0    4    0    1    0    0    0    5    0 
       1    0    7    0    0    3    9    6    0 
       5    2    0    0    0    8    0    0    0 
       0    0    0    0    0    0    0    1    7 
       0    0    0    9    0    6    8    0    0 
       8    0    3    0    5    0    6    2    0 
       0    9    0    0    6    0    5    4    3 
       6    0    0    0    8    0    7    0    0 
       2    5    0    0    9    7    1    0    0 
}
s {
size: 9
       3    4    6    1    7    9    2    5    8 
       1    8    7    5    2    3    9    6    4 
       5    2    9    6    4    8    3    7    1 
       9    6    5    8    3    2    4    1    7 
       4    7    2    9    1    6    8    3    5 
       8    1    3    7    5    4    6    2    9 
       7    9    8    2    6    1    5    4    3 
       6    3    1    4    8    5    7    9    2 
       2    5    4    3    9    7    1    8    6 
}
